<?xml version="1.0" encoding="UTF-8"?>
<!-- Generated by org.testng.reporters.JUnitReportReporter -->
<testsuite hostname="LAPTOP-IA63TUKK" failures="0" tests="1" name="TestScripts.RegisterTest" time="8.484" errors="0" timestamp="2023-12-25T19:32:29 IST" skipped="0">
  <testcase classname="TestScripts.RegisterTest" name="adminPageElements" time="8.484"/>
</testsuite> <!-- TestScripts.RegisterTest -->
