<?xml version="1.0" encoding="UTF-8"?>
<!-- Generated by org.testng.reporters.JUnitReportReporter -->
<testsuite hostname="LAPTOP-IA63TUKK" failures="0" tests="1" name="TestScripts.Redirect_Admin_User_Without_Login" time="2.045" errors="0" timestamp="2023-12-25T09:52:43 IST" skipped="0">
  <testcase classname="TestScripts.Redirect_Admin_User_Without_Login" name="verifyRedirect" time="2.045">
    <system-out>
      <![CDATA[Redirected successfully]]>
    </system-out>
  </testcase> <!-- verifyRedirect -->
  <system-out>
    <![CDATA[Redirected successfully]]>
  </system-out>
</testsuite> <!-- TestScripts.Redirect_Admin_User_Without_Login -->
