<?xml version="1.0" encoding="UTF-8"?>
<!-- Generated by org.testng.reporters.JUnitReportReporter -->
<testsuite hostname="LAPTOP-IA63TUKK" failures="0" tests="1" name="TestScripts.LaunchAdmin" time="0.175" errors="0" timestamp="2023-12-25T18:17:59 IST" skipped="0">
  <testcase classname="TestScripts.LaunchAdmin" name="launchingAdmin" time="0.175"/>
</testsuite> <!-- TestScripts.LaunchAdmin -->
