<?xml version="1.0" encoding="UTF-8"?>
<!-- Generated by org.testng.reporters.JUnitReportReporter -->
<testsuite hostname="LAPTOP-IA63TUKK" failures="0" tests="1" name="TestScripts.Elements_On_Admin_Login_Page" time="0.174" errors="0" timestamp="2023-12-25T09:38:03 IST" skipped="0">
  <testcase classname="TestScripts.Elements_On_Admin_Login_Page" name="adminPageElements" time="0.174">
    <system-out>
      <![CDATA[element1 displayed successfully
element2 displayed successfully
element3 displayed successfully]]>
    </system-out>
  </testcase> <!-- adminPageElements -->
  <system-out>
    <![CDATA[element1 displayed successfully
element2 displayed successfully
element3 displayed successfully]]>
  </system-out>
</testsuite> <!-- TestScripts.Elements_On_Admin_Login_Page -->
